<?xml version="1.0" encoding="UTF-8"?>
<testng-results ignored="3" total="4" passed="1" failed="0" skipped="0">
  <reporter-output>
  </reporter-output>
  <suite started-at="2023-08-09T16:13:35 IST" name="Default suite" finished-at="2023-08-09T16:13:35 IST" duration-ms="148">
    <groups>
    </groups>
    <test started-at="2023-08-09T16:13:35 IST" name="Default test" finished-at="2023-08-09T16:13:35 IST" duration-ms="148">
      <class name="Shopping.Product">
        <test-method signature="removeCart()[pri:0, instance:Shopping.Product@7f0eb4b4]" started-at="2023-08-09T16:13:35 IST" name="removeCart" finished-at="2023-08-09T16:13:35 IST" duration-ms="21" status="PASS">
          <reporter-output>
          </reporter-output>
        </test-method> <!-- removeCart -->
      </class> <!-- Shopping.Product -->
    </test> <!-- Default test -->
  </suite> <!-- Default suite -->
</testng-results>
