<?xml version="1.0" encoding="UTF-8"?>
<!-- Generated by org.testng.reporters.JUnitXMLReporter -->
<testsuite ignored="3" hostname="DESKTOP-259ATSP" failures="0" tests="1" name="Default test" time="0.148" errors="0" timestamp="2023-08-09T16:13:35 IST">
  <testcase classname="Shopping.Product" name="removeCart" time="0.021"/>
  <testcase classname="Shopping.Product" name="addtoCart" time="0.0">
    <ignored/>
  </testcase> <!-- addtoCart -->
  <testcase classname="Shopping.Product" name="wishList" time="0.0">
    <ignored/>
  </testcase> <!-- wishList -->
  <testcase classname="Shopping.Product" name="editProduct" time="0.0">
    <ignored/>
  </testcase> <!-- editProduct -->
</testsuite> <!-- Default test -->
